build/app/intermediates/manifest_merge_blame_file/release/manifest-merger-blame-release-report.txt
1<?xml version="1.0" encoding="utf-8"?>
2<manifest xmlns:android="http://schemas.android.com/apk/res/android"
3    package="com.example.nutshell"
4    android:versionCode="1"
5    android:versionName="1.0.0" >
6
7    <uses-sdk
8        android:minSdkVersion="19"
8-->src\main\AndroidManifest.xml
9        android:targetSdkVersion="28" />
9-->src\main\AndroidManifest.xml
10
11    <uses-permission android:name="android.permission.INTERNET" />
11-->[:google_sign_in] AndroidManifest.xml:7:5-67
11-->[:google_sign_in] AndroidManifest.xml:7:22-64
12    <uses-permission android:name="android.permission.ACCESS_NETWORK_STATE" />
12-->[com.google.android.gms:play-services-measurement:17.2.2] AndroidManifest.xml:24:5-79
12-->[com.google.android.gms:play-services-measurement:17.2.2] AndroidManifest.xml:24:22-76
13    <uses-permission android:name="android.permission.WAKE_LOCK" />
13-->[com.google.android.gms:play-services-measurement:17.2.2] AndroidManifest.xml:25:5-68
13-->[com.google.android.gms:play-services-measurement:17.2.2] AndroidManifest.xml:25:22-65
14    <uses-permission android:name="com.google.android.finsky.permission.BIND_GET_INSTALL_REFERRER_SERVICE" /> <!-- Required by older versions of Google Play services to create IID tokens -->
14-->[com.google.android.gms:play-services-measurement:17.2.2] AndroidManifest.xml:26:5-110
14-->[com.google.android.gms:play-services-measurement:17.2.2] AndroidManifest.xml:26:22-107
15    <uses-permission android:name="com.google.android.c2dm.permission.RECEIVE" />
15-->[com.google.firebase:firebase-iid:20.0.2] AndroidManifest.xml:26:5-82
15-->[com.google.firebase:firebase-iid:20.0.2] AndroidManifest.xml:26:22-79
16    <!--
17 io.flutter.app.FlutterApplication is an android.app.Application that
18         calls FlutterMain.startInitialization(this); in its onCreate method.
19         In most cases you can leave this as-is, but you if you want to provide
20         additional functionality it is fine to subclass or reimplement
21         FlutterApplication and put your custom class here.
22    -->
23    <application
23-->src\main\AndroidManifest.xml:8:5-46:19
24        android:name="io.flutter.app.FlutterApplication"
24-->src\main\AndroidManifest.xml:9:9-57
25        android:appComponentFactory="androidx.core.app.CoreComponentFactory"
25-->[androidx.core:core:1.1.0] AndroidManifest.xml:24:18-86
26        android:icon="@mipmap/ic_launcher"
26-->src\main\AndroidManifest.xml:11:9-43
27        android:label="Nutshell" >
27-->src\main\AndroidManifest.xml:10:9-33
28        <activity
28-->src\main\AndroidManifest.xml:12:9-40:20
29            android:name="com.example.nutshell.MainActivity"
29-->src\main\AndroidManifest.xml:13:13-41
30            android:configChanges="orientation|keyboardHidden|keyboard|screenSize|smallestScreenSize|locale|layoutDirection|fontScale|screenLayout|density|uiMode"
30-->src\main\AndroidManifest.xml:16:13-163
31            android:hardwareAccelerated="true"
31-->src\main\AndroidManifest.xml:17:13-47
32            android:launchMode="singleTop"
32-->src\main\AndroidManifest.xml:14:13-43
33            android:theme="@style/LaunchTheme"
33-->src\main\AndroidManifest.xml:15:13-47
34            android:windowSoftInputMode="adjustResize" >
34-->src\main\AndroidManifest.xml:18:13-55
35
36            <!--
37                 Specifies an Android theme to apply to this Activity as soon as
38                 the Android process has started. This theme is visible to the user
39                 while the Flutter UI initializes. After that, this theme continues
40                 to determine the Window background behind the Flutter UI.
41            -->
42            <meta-data
42-->src\main\AndroidManifest.xml:23:13-26:17
43                android:name="io.flutter.embedding.android.NormalTheme"
43-->src\main\AndroidManifest.xml:24:15-70
44                android:resource="@style/NormalTheme" />
44-->src\main\AndroidManifest.xml:25:15-52
45            <!--
46                 Displays an Android View that continues showing the launch screen
47                 Drawable until Flutter paints its first frame, then this splash
48                 screen fades out. A splash screen is useful to avoid any visual
49                 gap between the end of Android's launch screen and the painting of
50                 Flutter's first frame.
51            -->
52            <meta-data
52-->src\main\AndroidManifest.xml:32:13-35:17
53                android:name="io.flutter.embedding.android.SplashScreenDrawable"
53-->src\main\AndroidManifest.xml:33:15-79
54                android:resource="@drawable/launch_background" />
54-->src\main\AndroidManifest.xml:34:15-61
55
56            <intent-filter>
56-->src\main\AndroidManifest.xml:36:13-39:29
57                <action android:name="android.intent.action.MAIN" />
57-->src\main\AndroidManifest.xml:37:17-68
57-->src\main\AndroidManifest.xml:37:25-66
58
59                <category android:name="android.intent.category.LAUNCHER" />
59-->src\main\AndroidManifest.xml:38:17-76
59-->src\main\AndroidManifest.xml:38:27-74
60            </intent-filter>
61        </activity>
62        <!--
63             Don't delete the meta-data below.
64             This is used by the Flutter tool to generate GeneratedPluginRegistrant.java
65        -->
66        <meta-data
66-->src\main\AndroidManifest.xml:43:9-45:33
67            android:name="flutterEmbedding"
67-->src\main\AndroidManifest.xml:44:13-44
68            android:value="2" />
68-->src\main\AndroidManifest.xml:45:13-30
69
70        <service
70-->[:firebase_auth] AndroidManifest.xml:8:9-12:19
71            android:name="com.google.firebase.components.ComponentDiscoveryService"
71-->[:firebase_auth] AndroidManifest.xml:8:18-89
72            android:directBootAware="true"
72-->[com.google.firebase:firebase-common:19.3.0] AndroidManifest.xml:34:13-43
73            android:exported="false" >
73-->[com.google.firebase:firebase-auth:19.3.0] AndroidManifest.xml:35:13-37
74            <meta-data
74-->[:firebase_auth] AndroidManifest.xml:9:13-11:85
75                android:name="com.google.firebase.components:io.flutter.plugins.firebaseauth.FlutterFirebaseAppRegistrar"
75-->[:firebase_auth] AndroidManifest.xml:10:17-122
76                android:value="com.google.firebase.components.ComponentRegistrar" />
76-->[:firebase_auth] AndroidManifest.xml:11:17-82
77            <meta-data
77-->[com.google.firebase:firebase-auth:19.3.0] AndroidManifest.xml:36:13-38:85
78                android:name="com.google.firebase.components:com.google.firebase.auth.FirebaseAuthRegistrar"
78-->[com.google.firebase:firebase-auth:19.3.0] AndroidManifest.xml:37:17-109
79                android:value="com.google.firebase.components.ComponentRegistrar" />
79-->[com.google.firebase:firebase-auth:19.3.0] AndroidManifest.xml:38:17-82
80            <meta-data
80-->[:firebase_storage] AndroidManifest.xml:9:13-11:85
81                android:name="com.google.firebase.components:io.flutter.plugins.firebase.storage.FlutterFirebaseAppRegistrar"
81-->[:firebase_storage] AndroidManifest.xml:10:17-126
82                android:value="com.google.firebase.components.ComponentRegistrar" />
82-->[:firebase_storage] AndroidManifest.xml:11:17-82
83            <meta-data
83-->[:cloud_firestore] AndroidManifest.xml:9:13-11:85
84                android:name="com.google.firebase.components:io.flutter.plugins.firebase.cloudfirestore.FlutterFirebaseAppRegistrar"
84-->[:cloud_firestore] AndroidManifest.xml:10:17-133
85                android:value="com.google.firebase.components.ComponentRegistrar" />
85-->[:cloud_firestore] AndroidManifest.xml:11:17-82
86            <meta-data
86-->[:firebase_database] AndroidManifest.xml:9:13-11:85
87                android:name="com.google.firebase.components:io.flutter.plugins.firebase.database.FlutterFirebaseAppRegistrar"
87-->[:firebase_database] AndroidManifest.xml:10:17-127
88                android:value="com.google.firebase.components.ComponentRegistrar" />
88-->[:firebase_database] AndroidManifest.xml:11:17-82
89            <meta-data
89-->[:firebase_core] AndroidManifest.xml:9:13-11:85
90                android:name="com.google.firebase.components:io.flutter.plugins.firebase.core.FlutterFirebaseAppRegistrar"
90-->[:firebase_core] AndroidManifest.xml:10:17-123
91                android:value="com.google.firebase.components.ComponentRegistrar" />
91-->[:firebase_core] AndroidManifest.xml:11:17-82
92            <meta-data
92-->[com.google.android.gms:play-services-measurement-api:17.2.2] AndroidManifest.xml:30:13-32:85
93                android:name="com.google.firebase.components:com.google.firebase.analytics.connector.internal.AnalyticsConnectorRegistrar"
93-->[com.google.android.gms:play-services-measurement-api:17.2.2] AndroidManifest.xml:31:17-139
94                android:value="com.google.firebase.components.ComponentRegistrar" />
94-->[com.google.android.gms:play-services-measurement-api:17.2.2] AndroidManifest.xml:32:17-82
95            <meta-data
95-->[com.google.firebase:firebase-storage:17.0.0] AndroidManifest.xml:31:13-33:85
96                android:name="com.google.firebase.components:com.google.firebase.storage.StorageRegistrar"
96-->[com.google.firebase:firebase-storage:17.0.0] AndroidManifest.xml:32:17-107
97                android:value="com.google.firebase.components.ComponentRegistrar" />
97-->[com.google.firebase:firebase-storage:17.0.0] AndroidManifest.xml:33:17-82
98            <meta-data
98-->[com.google.firebase:firebase-firestore:21.3.0] AndroidManifest.xml:20:13-22:85
99                android:name="com.google.firebase.components:com.google.firebase.firestore.FirestoreRegistrar"
99-->[com.google.firebase:firebase-firestore:21.3.0] AndroidManifest.xml:21:17-111
100                android:value="com.google.firebase.components.ComponentRegistrar" />
100-->[com.google.firebase:firebase-firestore:21.3.0] AndroidManifest.xml:22:17-82
101            <meta-data
101-->[com.google.firebase:firebase-database:17.0.0] AndroidManifest.xml:30:13-32:85
102                android:name="com.google.firebase.components:com.google.firebase.database.DatabaseRegistrar"
102-->[com.google.firebase:firebase-database:17.0.0] AndroidManifest.xml:31:17-109
103                android:value="com.google.firebase.components.ComponentRegistrar" />
103-->[com.google.firebase:firebase-database:17.0.0] AndroidManifest.xml:32:17-82
104            <meta-data
104-->[com.google.firebase:firebase-iid:20.0.2] AndroidManifest.xml:32:13-34:85
105                android:name="com.google.firebase.components:com.google.firebase.iid.Registrar"
105-->[com.google.firebase:firebase-iid:20.0.2] AndroidManifest.xml:33:17-96
106                android:value="com.google.firebase.components.ComponentRegistrar" />
106-->[com.google.firebase:firebase-iid:20.0.2] AndroidManifest.xml:34:17-82
107        </service>
108
109        <activity
109-->[com.google.firebase:firebase-auth:19.3.0] AndroidManifest.xml:24:9-31:50
110            android:name="com.google.firebase.auth.internal.FederatedSignInActivity"
110-->[com.google.firebase:firebase-auth:19.3.0] AndroidManifest.xml:25:13-85
111            android:excludeFromRecents="true"
111-->[com.google.firebase:firebase-auth:19.3.0] AndroidManifest.xml:26:13-46
112            android:exported="true"
112-->[com.google.firebase:firebase-auth:19.3.0] AndroidManifest.xml:27:13-36
113            android:launchMode="singleTask"
113-->[com.google.firebase:firebase-auth:19.3.0] AndroidManifest.xml:28:13-44
114            android:permission="com.google.firebase.auth.api.gms.permission.LAUNCH_FEDERATED_SIGN_IN"
114-->[com.google.firebase:firebase-auth:19.3.0] AndroidManifest.xml:29:13-102
115            android:theme="@android:style/Theme.Translucent.NoTitleBar" />
115-->[com.google.firebase:firebase-auth:19.3.0] AndroidManifest.xml:30:13-72
116        <activity
116-->[:razorpay_flutter] AndroidManifest.xml:8:9-11:20
117            android:name="com.razorpay.CheckoutActivity"
117-->[:razorpay_flutter] AndroidManifest.xml:9:13-57
118            android:configChanges="keyboard|keyboardHidden|orientation|screenSize"
118-->[com.razorpay:checkout:1.5.16] AndroidManifest.xml:20:13-83
119            android:label="Razorpay Checkout"
119-->[:razorpay_flutter] AndroidManifest.xml:10:13-46
120            android:theme="@style/CheckoutTheme" >
120-->[com.razorpay:checkout:1.5.16] AndroidManifest.xml:21:13-49
121            <intent-filter>
121-->[com.razorpay:checkout:1.5.16] AndroidManifest.xml:22:13-28:29
122                <action android:name="android.intent.action.MAIN" />
122-->src\main\AndroidManifest.xml:37:17-68
122-->src\main\AndroidManifest.xml:37:25-66
123
124                <data
124-->[com.razorpay:checkout:1.5.16] AndroidManifest.xml:25:17-27:47
125                    android:host="rzp.io"
125-->[com.razorpay:checkout:1.5.16] AndroidManifest.xml:26:21-42
126                    android:scheme="io.rzp" />
126-->[com.razorpay:checkout:1.5.16] AndroidManifest.xml:27:21-44
127            </intent-filter>
128        </activity>
129
130        <receiver
130-->[com.google.android.gms:play-services-measurement:17.2.2] AndroidManifest.xml:29:9-33:20
131            android:name="com.google.android.gms.measurement.AppMeasurementReceiver"
131-->[com.google.android.gms:play-services-measurement:17.2.2] AndroidManifest.xml:30:13-85
132            android:enabled="true"
132-->[com.google.android.gms:play-services-measurement:17.2.2] AndroidManifest.xml:31:13-35
133            android:exported="false" >
133-->[com.google.android.gms:play-services-measurement:17.2.2] AndroidManifest.xml:32:13-37
134        </receiver>
135        <receiver
135-->[com.google.android.gms:play-services-measurement:17.2.2] AndroidManifest.xml:34:9-42:20
136            android:name="com.google.android.gms.measurement.AppMeasurementInstallReferrerReceiver"
136-->[com.google.android.gms:play-services-measurement:17.2.2] AndroidManifest.xml:35:13-100
137            android:enabled="true"
137-->[com.google.android.gms:play-services-measurement:17.2.2] AndroidManifest.xml:36:13-35
138            android:exported="true"
138-->[com.google.android.gms:play-services-measurement:17.2.2] AndroidManifest.xml:37:13-36
139            android:permission="android.permission.INSTALL_PACKAGES" >
139-->[com.google.android.gms:play-services-measurement:17.2.2] AndroidManifest.xml:38:13-69
140            <intent-filter>
140-->[com.google.android.gms:play-services-measurement:17.2.2] AndroidManifest.xml:39:13-41:29
141                <action android:name="com.android.vending.INSTALL_REFERRER" />
141-->[com.google.android.gms:play-services-measurement:17.2.2] AndroidManifest.xml:40:17-79
141-->[com.google.android.gms:play-services-measurement:17.2.2] AndroidManifest.xml:40:25-76
142            </intent-filter>
143        </receiver>
144
145        <service
145-->[com.google.android.gms:play-services-measurement:17.2.2] AndroidManifest.xml:44:9-47:40
146            android:name="com.google.android.gms.measurement.AppMeasurementService"
146-->[com.google.android.gms:play-services-measurement:17.2.2] AndroidManifest.xml:45:13-84
147            android:enabled="true"
147-->[com.google.android.gms:play-services-measurement:17.2.2] AndroidManifest.xml:46:13-35
148            android:exported="false" />
148-->[com.google.android.gms:play-services-measurement:17.2.2] AndroidManifest.xml:47:13-37
149        <service
149-->[com.google.android.gms:play-services-measurement:17.2.2] AndroidManifest.xml:48:9-52:72
150            android:name="com.google.android.gms.measurement.AppMeasurementJobService"
150-->[com.google.android.gms:play-services-measurement:17.2.2] AndroidManifest.xml:49:13-87
151            android:enabled="true"
151-->[com.google.android.gms:play-services-measurement:17.2.2] AndroidManifest.xml:50:13-35
152            android:exported="false"
152-->[com.google.android.gms:play-services-measurement:17.2.2] AndroidManifest.xml:51:13-37
153            android:permission="android.permission.BIND_JOB_SERVICE" />
153-->[com.google.android.gms:play-services-measurement:17.2.2] AndroidManifest.xml:52:13-69
154
155        <activity
155-->[com.google.android.gms:play-services-auth:16.0.1] AndroidManifest.xml:23:9-27:75
156            android:name="com.google.android.gms.auth.api.signin.internal.SignInHubActivity"
156-->[com.google.android.gms:play-services-auth:16.0.1] AndroidManifest.xml:24:13-93
157            android:excludeFromRecents="true"
157-->[com.google.android.gms:play-services-auth:16.0.1] AndroidManifest.xml:25:13-46
158            android:exported="false"
158-->[com.google.android.gms:play-services-auth:16.0.1] AndroidManifest.xml:26:13-37
159            android:theme="@android:style/Theme.Translucent.NoTitleBar" />
159-->[com.google.android.gms:play-services-auth:16.0.1] AndroidManifest.xml:27:13-72
160        <!--
161            Service handling Google Sign-In user revocation. For apps that do not integrate with
162            Google Sign-In, this service will never be started.
163        -->
164        <service
164-->[com.google.android.gms:play-services-auth:16.0.1] AndroidManifest.xml:33:9-36:110
165            android:name="com.google.android.gms.auth.api.signin.RevocationBoundService"
165-->[com.google.android.gms:play-services-auth:16.0.1] AndroidManifest.xml:34:13-89
166            android:exported="true"
166-->[com.google.android.gms:play-services-auth:16.0.1] AndroidManifest.xml:35:13-36
167            android:permission="com.google.android.gms.auth.api.signin.permission.REVOCATION_NOTIFICATION" />
167-->[com.google.android.gms:play-services-auth:16.0.1] AndroidManifest.xml:36:13-107
168
169        <receiver
169-->[com.google.firebase:firebase-iid:20.0.2] AndroidManifest.xml:37:9-44:20
170            android:name="com.google.firebase.iid.FirebaseInstanceIdReceiver"
170-->[com.google.firebase:firebase-iid:20.0.2] AndroidManifest.xml:38:13-78
171            android:exported="true"
171-->[com.google.firebase:firebase-iid:20.0.2] AndroidManifest.xml:39:13-36
172            android:permission="com.google.android.c2dm.permission.SEND" >
172-->[com.google.firebase:firebase-iid:20.0.2] AndroidManifest.xml:40:13-73
173            <intent-filter>
173-->[com.google.firebase:firebase-iid:20.0.2] AndroidManifest.xml:41:13-43:29
174                <action android:name="com.google.android.c2dm.intent.RECEIVE" />
174-->[com.google.firebase:firebase-iid:20.0.2] AndroidManifest.xml:42:17-81
174-->[com.google.firebase:firebase-iid:20.0.2] AndroidManifest.xml:42:25-78
175            </intent-filter>
176        </receiver>
177
178        <activity
178-->[com.google.android.gms:play-services-base:17.1.0] AndroidManifest.xml:23:9-26:75
179            android:name="com.google.android.gms.common.api.GoogleApiActivity"
179-->[com.google.android.gms:play-services-base:17.1.0] AndroidManifest.xml:24:13-79
180            android:exported="false"
180-->[com.google.android.gms:play-services-base:17.1.0] AndroidManifest.xml:25:13-37
181            android:theme="@android:style/Theme.Translucent.NoTitleBar" />
181-->[com.google.android.gms:play-services-base:17.1.0] AndroidManifest.xml:26:13-72
182
183        <provider
183-->[com.google.firebase:firebase-common:19.3.0] AndroidManifest.xml:26:9-30:39
184            android:name="com.google.firebase.provider.FirebaseInitProvider"
184-->[com.google.firebase:firebase-common:19.3.0] AndroidManifest.xml:27:13-77
185            android:authorities="com.example.nutshell.firebaseinitprovider"
185-->[com.google.firebase:firebase-common:19.3.0] AndroidManifest.xml:28:13-72
186            android:exported="false"
186-->[com.google.firebase:firebase-common:19.3.0] AndroidManifest.xml:29:13-37
187            android:initOrder="100" />
187-->[com.google.firebase:firebase-common:19.3.0] AndroidManifest.xml:30:13-36
188
189        <meta-data
189-->[com.google.android.gms:play-services-basement:17.0.0] AndroidManifest.xml:23:9-25:69
190            android:name="com.google.android.gms.version"
190-->[com.google.android.gms:play-services-basement:17.0.0] AndroidManifest.xml:24:13-58
191            android:value="@integer/google_play_services_version" />
191-->[com.google.android.gms:play-services-basement:17.0.0] AndroidManifest.xml:25:13-66
192
193        <receiver android:name="com.razorpay.RzpTokenReceiver" >
193-->[com.razorpay:checkout:1.5.16] AndroidManifest.xml:12:9-16:20
193-->[com.razorpay:checkout:1.5.16] AndroidManifest.xml:12:19-63
194            <intent-filter>
194-->[com.razorpay:checkout:1.5.16] AndroidManifest.xml:13:13-15:29
195                <action android:name="rzp.device_token.share" />
195-->[com.razorpay:checkout:1.5.16] AndroidManifest.xml:14:17-65
195-->[com.razorpay:checkout:1.5.16] AndroidManifest.xml:14:25-62
196            </intent-filter>
197        </receiver>
198    </application>
199
200</manifest>